<?xml version="1.0" encoding="UTF-8"?>
<!-- Generated by org.testng.reporters.JUnitReportReporter -->
<testsuite hostname="WV-MN14GLAE629X" name="basicTest.ExcelTest" tests="3" failures="0" timestamp="10 Jan 2020 09:25:36 GMT" time="0.022" errors="0">
  <testcase name="test1" time="0.001" classname="basicTest.ExcelTest"/>
  <testcase name="test1" time="0.006" classname="basicTest.ExcelTest"/>
  <testcase name="test1" time="0.015" classname="basicTest.ExcelTest"/>
</testsuite> <!-- basicTest.ExcelTest -->
