<?xml version="1.0" encoding="UTF-8"?>
<!-- Generated by org.testng.reporters.JUnitReportReporter -->
<testsuite hostname="WV-MN14GLAE629X" name="basicTest.LoginTest" tests="3" failures="0" timestamp="5 Dec 2019 12:57:01 GMT" time="63.668" errors="0">
  <testcase name="test2" time="4.121" classname="basicTest.LoginTest"/>
  <testcase name="test1" time="7.387" classname="basicTest.LoginTest"/>
  <testcase name="test3" time="52.160" classname="basicTest.LoginTest"/>
</testsuite> <!-- basicTest.LoginTest -->
